<?xml version="1.0" encoding="UTF-8"?>
<!-- Generated by org.testng.reporters.JUnitReportReporter -->
<testsuite hostname="LAPTOP-0SHBHHJI" failures="0" tests="2" name="testcase.checkout" time="15.337" errors="0" timestamp="2024-11-02T16:58:44 IST" skipped="0">
  <testcase classname="testcase.checkout" name="checkoutpage" time="7.448"/>
  <testcase classname="testcase.checkout" name="payment" time="7.889"/>
</testsuite> <!-- testcase.checkout -->
