<?xml version="1.0" encoding="UTF-8"?>
<!-- Generated by org.testng.reporters.JUnitReportReporter -->
<testsuite hostname="LAPTOP-0SHBHHJI" failures="0" tests="2" name="testcase.checkout" time="14.233" errors="0" timestamp="2024-10-06T19:14:42 IST" skipped="0">
  <testcase classname="testcase.checkout" name="checkoutpage" time="7.030"/>
  <testcase classname="testcase.checkout" name="payment" time="7.203"/>
</testsuite> <!-- testcase.checkout -->
