<?xml version="1.0" encoding="UTF-8"?>
<!-- Generated by org.testng.reporters.JUnitReportReporter -->
<testsuite hostname="LAPTOP-0SHBHHJI" failures="0" tests="2" name="testcase.cart" time="11.904" errors="0" timestamp="2024-11-02T16:58:43 IST" skipped="0">
  <testcase classname="testcase.cart" name="productlistpage" time="5.251"/>
  <testcase classname="testcase.cart" name="productcart" time="6.653"/>
</testsuite> <!-- testcase.cart -->
