<?xml version="1.0" encoding="UTF-8"?>
<!-- Generated by org.testng.reporters.JUnitReportReporter -->
<testsuite hostname="LAPTOP-0SHBHHJI" failures="0" tests="2" name="testcase.checkout" time="18.479" errors="0" timestamp="2024-10-13T15:57:45 IST" skipped="0">
  <testcase classname="testcase.checkout" name="checkoutpage" time="8.788"/>
  <testcase classname="testcase.checkout" name="payment" time="9.691"/>
</testsuite> <!-- testcase.checkout -->
