<?xml version="1.0" encoding="UTF-8"?>
<!-- Generated by org.testng.reporters.JUnitReportReporter -->
<testsuite hostname="LAPTOP-0SHBHHJI" failures="0" tests="2" name="automationframework.cart" time="11.875" errors="0" timestamp="2024-10-03T00:04:03 IST" skipped="0">
  <testcase classname="automationframework.cart" name="productlistpage" time="5.400"/>
  <testcase classname="automationframework.cart" name="productcart" time="6.475"/>
</testsuite> <!-- automationframework.cart -->
