<?xml version="1.0" encoding="UTF-8"?>
<!-- Generated by org.testng.reporters.JUnitReportReporter -->
<testsuite hostname="LAPTOP-0SHBHHJI" failures="0" tests="2" name="automationframework.register" time="11.580" errors="0" timestamp="2024-10-03T00:04:03 IST" skipped="0">
  <testcase classname="automationframework.register" name="formfill" time="7.026"/>
  <testcase classname="automationframework.register" name="sign" time="4.554"/>
</testsuite> <!-- automationframework.register -->
