<?xml version="1.0" encoding="UTF-8"?>
<!-- Generated by org.testng.reporters.JUnitReportReporter -->
<testsuite hostname="LAPTOP-0SHBHHJI" failures="0" tests="2" name="testcase.cart" time="11.914" errors="0" timestamp="2024-10-06T19:14:42 IST" skipped="0">
  <testcase classname="testcase.cart" name="productlistpage" time="5.403"/>
  <testcase classname="testcase.cart" name="productcart" time="6.511"/>
</testsuite> <!-- testcase.cart -->
