<?xml version="1.0" encoding="UTF-8"?>
<!-- Generated by org.testng.reporters.JUnitReportReporter -->
<testsuite hostname="LAPTOP-0SHBHHJI" failures="0" tests="2" name="automationframework.checkout" time="14.255" errors="0" timestamp="2024-10-03T00:04:03 IST" skipped="0">
  <testcase classname="automationframework.checkout" name="checkoutpage" time="7.165"/>
  <testcase classname="automationframework.checkout" name="payment" time="7.090"/>
</testsuite> <!-- automationframework.checkout -->
