<?xml version="1.0" encoding="UTF-8"?>
<!-- Generated by org.testng.reporters.JUnitReportReporter -->
<testsuite hostname="LAPTOP-0SHBHHJI" failures="0" tests="2" name="testcase.checkout" time="15.000" errors="0" timestamp="2024-11-02T22:23:16 IST" skipped="0">
  <testcase classname="testcase.checkout" name="checkoutpage" time="7.437"/>
  <testcase classname="testcase.checkout" name="payment" time="7.563"/>
</testsuite> <!-- testcase.checkout -->
