<?xml version="1.0" encoding="UTF-8"?>
<!-- Generated by org.testng.reporters.JUnitReportReporter -->
<testsuite hostname="LAPTOP-0SHBHHJI" failures="0" tests="2" name="testcase.cart" time="12.159" errors="0" timestamp="2024-11-02T22:23:16 IST" skipped="0">
  <testcase classname="testcase.cart" name="productlistpage" time="5.193"/>
  <testcase classname="testcase.cart" name="productcart" time="6.966"/>
</testsuite> <!-- testcase.cart -->
