<?xml version="1.0" encoding="UTF-8"?>
<!-- Generated by org.testng.reporters.JUnitReportReporter -->
<testsuite hostname="LAPTOP-0SHBHHJI" failures="0" tests="2" name="testcase.checkout" time="18.774" errors="0" timestamp="2024-10-13T16:16:52 IST" skipped="0">
  <testcase classname="testcase.checkout" name="checkoutpage" time="8.399"/>
  <testcase classname="testcase.checkout" name="payment" time="10.375"/>
</testsuite> <!-- testcase.checkout -->
